2015-02-19 21:56:27+0200 [scrapy] INFO: Scrapy 0.24.2 started (bot: Ejobs)
2015-02-19 21:56:27+0200 [scrapy] INFO: Optional features available: ssl, http11, boto, django
2015-02-19 21:56:27+0200 [scrapy] INFO: Overridden settings: {'NEWSPIDER_MODULE': 'Ejobs.spiders', 'SPIDER_MODULES': ['Ejobs.spiders'], 'LOG_FILE': 'Ejob.log', 'BOT_NAME': 'Ejobs'}
2015-02-19 21:56:27+0200 [scrapy] INFO: Enabled extensions: AutoThrottle, LogStats, TelnetConsole, CloseSpider, WebService, CoreStats, SpiderState
2015-02-19 21:56:28+0200 [scrapy] INFO: Enabled downloader middlewares: HttpAuthMiddleware, DownloadTimeoutMiddleware, UserAgentMiddleware, RetryMiddleware, DefaultHeadersMiddleware, MetaRefreshMiddleware, HttpCompressionMiddleware, RedirectMiddleware, CookiesMiddleware, ChunkedTransferMiddleware, DownloaderStats
2015-02-19 21:56:28+0200 [scrapy] INFO: Enabled spider middlewares: HttpErrorMiddleware, OffsiteMiddleware, RefererMiddleware, UrlLengthMiddleware, DepthMiddleware
2015-02-19 21:56:28+0200 [scrapy] INFO: Enabled item pipelines: 
2015-02-19 21:56:28+0200 [LinkSpider] INFO: Spider opened
2015-02-19 21:56:28+0200 [LinkSpider] INFO: Crawled 0 pages (at 0 pages/min), scraped 0 items (at 0 items/min)
2015-02-19 21:56:28+0200 [scrapy] DEBUG: Telnet console listening on 127.0.0.1:6023
2015-02-19 21:56:28+0200 [scrapy] DEBUG: Web service listening on 127.0.0.1:6080
2015-02-19 21:56:29+0200 [LinkSpider] INFO: slot: wwww.ejobs.ro | conc: 1 | delay: 2688 ms (-2311) | latency:  376 ms | size: 42080 bytes
2015-02-19 21:56:29+0200 [LinkSpider] DEBUG: Crawled (200) <GET http://wwww.ejobs.ro/user/searchjobs?q=&oras%5B%5D=&departament%5B%5D=&industrie%5B%5D=&searchType=simple&time_span=&page_no=&page_results=> (referer: None)
2015-02-19 21:56:29+0200 [LinkSpider] DEBUG: Scraped from <200 http://wwww.ejobs.ro/user/searchjobs?q=&oras%5B%5D=&departament%5B%5D=&industrie%5B%5D=&searchType=simple&time_span=&page_no=&page_results=>
	{'JobAddLink': [u'http://www.ejobs.ro/user/locuri-de-munca/microsoft-net-developers-employment-training/656136/sqi'],
	 'JobTitle': [u'Microsoft .NET Developers - Employment Training '],
	 'ScrapeDate': '2015-02-19 19:56:29',
	 'SourcePage': 'http://wwww.ejobs.ro/user/searchjobs?q=&oras%5B%5D=&departament%5B%5D=&industrie%5B%5D=&searchType=simple&time_span=&page_no=&page_results='}
2015-02-19 21:56:29+0200 [LinkSpider] DEBUG: Scraped from <200 http://wwww.ejobs.ro/user/searchjobs?q=&oras%5B%5D=&departament%5B%5D=&industrie%5B%5D=&searchType=simple&time_span=&page_no=&page_results=>
	{'JobAddLink': [u'http://www.ejobs.ro/user/locuri-de-munca/grafician-designer/656122/sqi'],
	 'JobTitle': [u'Grafician Designer '],
	 'ScrapeDate': '2015-02-19 19:56:29',
	 'SourcePage': 'http://wwww.ejobs.ro/user/searchjobs?q=&oras%5B%5D=&departament%5B%5D=&industrie%5B%5D=&searchType=simple&time_span=&page_no=&page_results='}
2015-02-19 21:56:29+0200 [LinkSpider] DEBUG: Scraped from <200 http://wwww.ejobs.ro/user/searchjobs?q=&oras%5B%5D=&departament%5B%5D=&industrie%5B%5D=&searchType=simple&time_span=&page_no=&page_results=>
	{'JobAddLink': [u'http://www.ejobs.ro/user/locuri-de-munca/conseiller-digital-francais-et-anglais/650563/sqi'],
	 'JobTitle': [u'CONSEILLER DIGITAL FRANCAIS ET ANGLAIS '],
	 'ScrapeDate': '2015-02-19 19:56:29',
	 'SourcePage': 'http://wwww.ejobs.ro/user/searchjobs?q=&oras%5B%5D=&departament%5B%5D=&industrie%5B%5D=&searchType=simple&time_span=&page_no=&page_results='}
2015-02-19 21:56:29+0200 [LinkSpider] DEBUG: Scraped from <200 http://wwww.ejobs.ro/user/searchjobs?q=&oras%5B%5D=&departament%5B%5D=&industrie%5B%5D=&searchType=simple&time_span=&page_no=&page_results=>
	{'JobAddLink': [u'http://www.ejobs.ro/user/locuri-de-munca/data-miner-ploiesti/650390/sqi'],
	 'JobTitle': [u'Data Miner Ploiesti '],
	 'ScrapeDate': '2015-02-19 19:56:29',
	 'SourcePage': 'http://wwww.ejobs.ro/user/searchjobs?q=&oras%5B%5D=&departament%5B%5D=&industrie%5B%5D=&searchType=simple&time_span=&page_no=&page_results='}
2015-02-19 21:56:29+0200 [LinkSpider] DEBUG: Scraped from <200 http://wwww.ejobs.ro/user/searchjobs?q=&oras%5B%5D=&departament%5B%5D=&industrie%5B%5D=&searchType=simple&time_span=&page_no=&page_results=>
	{'JobAddLink': [u'http://www.ejobs.ro/user/locuri-de-munca/senior-software-engineers-c/650591/sqi'],
	 'JobTitle': [u'Senior Software Engineers C++ '],
	 'ScrapeDate': '2015-02-19 19:56:29',
	 'SourcePage': 'http://wwww.ejobs.ro/user/searchjobs?q=&oras%5B%5D=&departament%5B%5D=&industrie%5B%5D=&searchType=simple&time_span=&page_no=&page_results='}
2015-02-19 21:56:29+0200 [LinkSpider] DEBUG: Scraped from <200 http://wwww.ejobs.ro/user/searchjobs?q=&oras%5B%5D=&departament%5B%5D=&industrie%5B%5D=&searchType=simple&time_span=&page_no=&page_results=>
	{'JobAddLink': [u'http://www.ejobs.ro/user/locuri-de-munca/html-css-guru-front-end-developer/656152/sqi'],
	 'JobTitle': [u'HTML & CSS Guru / Front-End Developer '],
	 'ScrapeDate': '2015-02-19 19:56:29',
	 'SourcePage': 'http://wwww.ejobs.ro/user/searchjobs?q=&oras%5B%5D=&departament%5B%5D=&industrie%5B%5D=&searchType=simple&time_span=&page_no=&page_results='}
2015-02-19 21:56:29+0200 [LinkSpider] DEBUG: Scraped from <200 http://wwww.ejobs.ro/user/searchjobs?q=&oras%5B%5D=&departament%5B%5D=&industrie%5B%5D=&searchType=simple&time_span=&page_no=&page_results=>
	{'JobAddLink': [u'http://www.ejobs.ro/user/locuri-de-munca/contabilitate-primara-secretariat/656149/sqi'],
	 'JobTitle': [u'CONTABILITATE PRIMARA, SECRETARIAT '],
	 'ScrapeDate': '2015-02-19 19:56:29',
	 'SourcePage': 'http://wwww.ejobs.ro/user/searchjobs?q=&oras%5B%5D=&departament%5B%5D=&industrie%5B%5D=&searchType=simple&time_span=&page_no=&page_results='}
2015-02-19 21:56:29+0200 [LinkSpider] DEBUG: Scraped from <200 http://wwww.ejobs.ro/user/searchjobs?q=&oras%5B%5D=&departament%5B%5D=&industrie%5B%5D=&searchType=simple&time_span=&page_no=&page_results=>
	{'JobAddLink': [u'http://www.ejobs.ro/user/locuri-de-munca/director-de-marketing/656146/sqi'],
	 'JobTitle': [u'Director de Marketing '],
	 'ScrapeDate': '2015-02-19 19:56:29',
	 'SourcePage': 'http://wwww.ejobs.ro/user/searchjobs?q=&oras%5B%5D=&departament%5B%5D=&industrie%5B%5D=&searchType=simple&time_span=&page_no=&page_results='}
2015-02-19 21:56:29+0200 [LinkSpider] DEBUG: Scraped from <200 http://wwww.ejobs.ro/user/searchjobs?q=&oras%5B%5D=&departament%5B%5D=&industrie%5B%5D=&searchType=simple&time_span=&page_no=&page_results=>
	{'JobAddLink': [u'http://www.ejobs.ro/user/locuri-de-munca/hr-controller/656141/sqi'],
	 'JobTitle': [u'HR Controller '],
	 'ScrapeDate': '2015-02-19 19:56:29',
	 'SourcePage': 'http://wwww.ejobs.ro/user/searchjobs?q=&oras%5B%5D=&departament%5B%5D=&industrie%5B%5D=&searchType=simple&time_span=&page_no=&page_results='}
2015-02-19 21:56:29+0200 [LinkSpider] DEBUG: Scraped from <200 http://wwww.ejobs.ro/user/searchjobs?q=&oras%5B%5D=&departament%5B%5D=&industrie%5B%5D=&searchType=simple&time_span=&page_no=&page_results=>
	{'JobAddLink': [u'http://www.ejobs.ro/user/locuri-de-munca/order-management-analyst-sap-with-german/656134/sqi'],
	 'JobTitle': [u'Order Management Analyst SAP with German '],
	 'ScrapeDate': '2015-02-19 19:56:29',
	 'SourcePage': 'http://wwww.ejobs.ro/user/searchjobs?q=&oras%5B%5D=&departament%5B%5D=&industrie%5B%5D=&searchType=simple&time_span=&page_no=&page_results='}
2015-02-19 21:56:29+0200 [LinkSpider] DEBUG: Scraped from <200 http://wwww.ejobs.ro/user/searchjobs?q=&oras%5B%5D=&departament%5B%5D=&industrie%5B%5D=&searchType=simple&time_span=&page_no=&page_results=>
	{'JobAddLink': [u'http://www.ejobs.ro/personalizat/vanzator-zarnesti-fm/656131'],
	 'JobTitle': [u'V\xe2nz\u0103tor Z\u0103rne\u015fti (f/m) '],
	 'ScrapeDate': '2015-02-19 19:56:29',
	 'SourcePage': 'http://wwww.ejobs.ro/user/searchjobs?q=&oras%5B%5D=&departament%5B%5D=&industrie%5B%5D=&searchType=simple&time_span=&page_no=&page_results='}
2015-02-19 21:56:29+0200 [LinkSpider] DEBUG: Scraped from <200 http://wwww.ejobs.ro/user/searchjobs?q=&oras%5B%5D=&departament%5B%5D=&industrie%5B%5D=&searchType=simple&time_span=&page_no=&page_results=>
	{'JobAddLink': [u'http://www.ejobs.ro/personalizat/vanzator-tarnaveni-fm/656130'],
	 'JobTitle': [u'V\xe2nz\u0103tor T\xe2rn\u0103veni (f/m) '],
	 'ScrapeDate': '2015-02-19 19:56:29',
	 'SourcePage': 'http://wwww.ejobs.ro/user/searchjobs?q=&oras%5B%5D=&departament%5B%5D=&industrie%5B%5D=&searchType=simple&time_span=&page_no=&page_results='}
2015-02-19 21:56:29+0200 [LinkSpider] DEBUG: Scraped from <200 http://wwww.ejobs.ro/user/searchjobs?q=&oras%5B%5D=&departament%5B%5D=&industrie%5B%5D=&searchType=simple&time_span=&page_no=&page_results=>
	{'JobAddLink': [u'http://www.ejobs.ro/personalizat/bucatari-si-ajutori-bucatari/651645'],
	 'JobTitle': [u'BUCATARI si AJUTORI BUCATARI in ANGLIA ! Plecari saptamanale in RESTAURANTE de TOP din MAREA BRITANIE ! Salarii si conditii de munca foarte bune ! Comisionul se poate achita din salariu '],
	 'ScrapeDate': '2015-02-19 19:56:29',
	 'SourcePage': 'http://wwww.ejobs.ro/user/searchjobs?q=&oras%5B%5D=&departament%5B%5D=&industrie%5B%5D=&searchType=simple&time_span=&page_no=&page_results='}
2015-02-19 21:56:29+0200 [LinkSpider] DEBUG: Scraped from <200 http://wwww.ejobs.ro/user/searchjobs?q=&oras%5B%5D=&departament%5B%5D=&industrie%5B%5D=&searchType=simple&time_span=&page_no=&page_results=>
	{'JobAddLink': [u'http://www.ejobs.ro/user/locuri-de-munca/agent-vanzari/656126/sqi'],
	 'JobTitle': [u'Agent vanzari '],
	 'ScrapeDate': '2015-02-19 19:56:29',
	 'SourcePage': 'http://wwww.ejobs.ro/user/searchjobs?q=&oras%5B%5D=&departament%5B%5D=&industrie%5B%5D=&searchType=simple&time_span=&page_no=&page_results='}
2015-02-19 21:56:29+0200 [LinkSpider] DEBUG: Scraped from <200 http://wwww.ejobs.ro/user/searchjobs?q=&oras%5B%5D=&departament%5B%5D=&industrie%5B%5D=&searchType=simple&time_span=&page_no=&page_results=>
	{'JobAddLink': [u'http://www.ejobs.ro/personalizat/spanish-italian-french-english/656117'],
	 'JobTitle': [u'SPANISH/ ITALIAN/ FRENCH/ ENGLISH Customer Support Representative '],
	 'ScrapeDate': '2015-02-19 19:56:29',
	 'SourcePage': 'http://wwww.ejobs.ro/user/searchjobs?q=&oras%5B%5D=&departament%5B%5D=&industrie%5B%5D=&searchType=simple&time_span=&page_no=&page_results='}
2015-02-19 21:56:29+0200 [LinkSpider] DEBUG: Scraped from <200 http://wwww.ejobs.ro/user/searchjobs?q=&oras%5B%5D=&departament%5B%5D=&industrie%5B%5D=&searchType=simple&time_span=&page_no=&page_results=>
	{'JobAddLink': [u'http://www.ejobs.ro/user/locuri-de-munca/controlor-financiar/656113/sqi'],
	 'JobTitle': [u'Controlor Financiar '],
	 'ScrapeDate': '2015-02-19 19:56:29',
	 'SourcePage': 'http://wwww.ejobs.ro/user/searchjobs?q=&oras%5B%5D=&departament%5B%5D=&industrie%5B%5D=&searchType=simple&time_span=&page_no=&page_results='}
2015-02-19 21:56:29+0200 [LinkSpider] DEBUG: Scraped from <200 http://wwww.ejobs.ro/user/searchjobs?q=&oras%5B%5D=&departament%5B%5D=&industrie%5B%5D=&searchType=simple&time_span=&page_no=&page_results=>
	{'JobAddLink': [u'http://www.ejobs.ro/user/locuri-de-munca/marketing-copywriter/656111/sqi'],
	 'JobTitle': [u'Marketing Copywriter '],
	 'ScrapeDate': '2015-02-19 19:56:29',
	 'SourcePage': 'http://wwww.ejobs.ro/user/searchjobs?q=&oras%5B%5D=&departament%5B%5D=&industrie%5B%5D=&searchType=simple&time_span=&page_no=&page_results='}
2015-02-19 21:56:29+0200 [LinkSpider] DEBUG: Scraped from <200 http://wwww.ejobs.ro/user/searchjobs?q=&oras%5B%5D=&departament%5B%5D=&industrie%5B%5D=&searchType=simple&time_span=&page_no=&page_results=>
	{'JobAddLink': [u'http://www.ejobs.ro/user/locuri-de-munca/inginer-tehnician-sisteme-curenti-slabi/656103/sqi'],
	 'JobTitle': [u'INGINER / TEHNICIAN SISTEME CURENTI SLABI '],
	 'ScrapeDate': '2015-02-19 19:56:29',
	 'SourcePage': 'http://wwww.ejobs.ro/user/searchjobs?q=&oras%5B%5D=&departament%5B%5D=&industrie%5B%5D=&searchType=simple&time_span=&page_no=&page_results='}
2015-02-19 21:56:29+0200 [LinkSpider] DEBUG: Scraped from <200 http://wwww.ejobs.ro/user/searchjobs?q=&oras%5B%5D=&departament%5B%5D=&industrie%5B%5D=&searchType=simple&time_span=&page_no=&page_results=>
	{'JobAddLink': [u'http://www.ejobs.ro/user/locuri-de-munca/linux-system-administrator-cluj/656102/sqi'],
	 'JobTitle': [u'Linux System Administrator (Cluj) '],
	 'ScrapeDate': '2015-02-19 19:56:29',
	 'SourcePage': 'http://wwww.ejobs.ro/user/searchjobs?q=&oras%5B%5D=&departament%5B%5D=&industrie%5B%5D=&searchType=simple&time_span=&page_no=&page_results='}
2015-02-19 21:56:29+0200 [LinkSpider] DEBUG: Scraped from <200 http://wwww.ejobs.ro/user/searchjobs?q=&oras%5B%5D=&departament%5B%5D=&industrie%5B%5D=&searchType=simple&time_span=&page_no=&page_results=>
	{'JobAddLink': [u'http://www.ejobs.ro/personalizat/service-desk-analyst--fluent/656101'],
	 'JobTitle': [u'Service Desk Analyst \u2014 Fluent in English '],
	 'ScrapeDate': '2015-02-19 19:56:29',
	 'SourcePage': 'http://wwww.ejobs.ro/user/searchjobs?q=&oras%5B%5D=&departament%5B%5D=&industrie%5B%5D=&searchType=simple&time_span=&page_no=&page_results='}
2015-02-19 21:56:29+0200 [LinkSpider] DEBUG: Scraped from <200 http://wwww.ejobs.ro/user/searchjobs?q=&oras%5B%5D=&departament%5B%5D=&industrie%5B%5D=&searchType=simple&time_span=&page_no=&page_results=>
	{'JobAddLink': [u'http://www.ejobs.ro/user/locuri-de-munca/electromecanic/656095/sqi'],
	 'JobTitle': [u'ELECTROMECANIC '],
	 'ScrapeDate': '2015-02-19 19:56:29',
	 'SourcePage': 'http://wwww.ejobs.ro/user/searchjobs?q=&oras%5B%5D=&departament%5B%5D=&industrie%5B%5D=&searchType=simple&time_span=&page_no=&page_results='}
2015-02-19 21:56:29+0200 [LinkSpider] DEBUG: Scraped from <200 http://wwww.ejobs.ro/user/searchjobs?q=&oras%5B%5D=&departament%5B%5D=&industrie%5B%5D=&searchType=simple&time_span=&page_no=&page_results=>
	{'JobAddLink': [u'http://www.ejobs.ro/user/locuri-de-munca/sef-schimb-productie-pavaj/656094/sqi'],
	 'JobTitle': [u'SEF SCHIMB PRODUCTIE PAVAJ '],
	 'ScrapeDate': '2015-02-19 19:56:29',
	 'SourcePage': 'http://wwww.ejobs.ro/user/searchjobs?q=&oras%5B%5D=&departament%5B%5D=&industrie%5B%5D=&searchType=simple&time_span=&page_no=&page_results='}
2015-02-19 21:56:29+0200 [LinkSpider] DEBUG: Scraped from <200 http://wwww.ejobs.ro/user/searchjobs?q=&oras%5B%5D=&departament%5B%5D=&industrie%5B%5D=&searchType=simple&time_span=&page_no=&page_results=>
	{'JobAddLink': [u'http://www.ejobs.ro/personalizat/personal-hotelier/656091'],
	 'JobTitle': [u'Personal Hotelier '],
	 'ScrapeDate': '2015-02-19 19:56:29',
	 'SourcePage': 'http://wwww.ejobs.ro/user/searchjobs?q=&oras%5B%5D=&departament%5B%5D=&industrie%5B%5D=&searchType=simple&time_span=&page_no=&page_results='}
2015-02-19 21:56:29+0200 [LinkSpider] DEBUG: Scraped from <200 http://wwww.ejobs.ro/user/searchjobs?q=&oras%5B%5D=&departament%5B%5D=&industrie%5B%5D=&searchType=simple&time_span=&page_no=&page_results=>
	{'JobAddLink': [u'http://www.ejobs.ro/user/locuri-de-munca/area-sales-supervisor/656088/sqi'],
	 'JobTitle': [u'AREA SALES SUPERVISOR '],
	 'ScrapeDate': '2015-02-19 19:56:29',
	 'SourcePage': 'http://wwww.ejobs.ro/user/searchjobs?q=&oras%5B%5D=&departament%5B%5D=&industrie%5B%5D=&searchType=simple&time_span=&page_no=&page_results='}
2015-02-19 21:56:29+0200 [LinkSpider] DEBUG: Scraped from <200 http://wwww.ejobs.ro/user/searchjobs?q=&oras%5B%5D=&departament%5B%5D=&industrie%5B%5D=&searchType=simple&time_span=&page_no=&page_results=>
	{'JobAddLink': [u'http://www.ejobs.ro/user/locuri-de-munca/consilier-vanzari-client-service/656083/sqi'],
	 'JobTitle': [u'Consilier vanzari - Client Service '],
	 'ScrapeDate': '2015-02-19 19:56:29',
	 'SourcePage': 'http://wwww.ejobs.ro/user/searchjobs?q=&oras%5B%5D=&departament%5B%5D=&industrie%5B%5D=&searchType=simple&time_span=&page_no=&page_results='}
2015-02-19 21:56:29+0200 [LinkSpider] INFO: Closing spider (finished)
2015-02-19 21:56:29+0200 [LinkSpider] INFO: Dumping Scrapy stats:
	{'downloader/request_bytes': 330,
	 'downloader/request_count': 1,
	 'downloader/request_method_count/GET': 1,
	 'downloader/response_bytes': 42890,
	 'downloader/response_count': 1,
	 'downloader/response_status_count/200': 1,
	 'finish_reason': 'finished',
	 'finish_time': datetime.datetime(2015, 2, 19, 19, 56, 29, 320270),
	 'item_scraped_count': 25,
	 'log_count/DEBUG': 28,
	 'log_count/INFO': 8,
	 'response_received_count': 1,
	 'scheduler/dequeued': 1,
	 'scheduler/dequeued/memory': 1,
	 'scheduler/enqueued': 1,
	 'scheduler/enqueued/memory': 1,
	 'start_time': datetime.datetime(2015, 2, 19, 19, 56, 28, 847380)}
2015-02-19 21:56:29+0200 [LinkSpider] INFO: Spider closed (finished)
2015-02-19 22:00:07+0200 [scrapy] INFO: Scrapy 0.24.2 started (bot: Ejobs)
2015-02-19 22:00:07+0200 [scrapy] INFO: Optional features available: ssl, http11, boto, django
2015-02-19 22:00:07+0200 [scrapy] INFO: Overridden settings: {'NEWSPIDER_MODULE': 'Ejobs.spiders', 'SPIDER_MODULES': ['Ejobs.spiders'], 'LOG_FILE': 'Ejob.log', 'BOT_NAME': 'Ejobs'}
2015-02-19 22:00:07+0200 [scrapy] INFO: Enabled extensions: AutoThrottle, LogStats, TelnetConsole, CloseSpider, WebService, CoreStats, SpiderState
2015-02-19 22:00:08+0200 [scrapy] INFO: Enabled downloader middlewares: HttpAuthMiddleware, DownloadTimeoutMiddleware, UserAgentMiddleware, RetryMiddleware, DefaultHeadersMiddleware, MetaRefreshMiddleware, HttpCompressionMiddleware, RedirectMiddleware, CookiesMiddleware, ChunkedTransferMiddleware, DownloaderStats
2015-02-19 22:00:08+0200 [scrapy] INFO: Enabled spider middlewares: HttpErrorMiddleware, OffsiteMiddleware, RefererMiddleware, UrlLengthMiddleware, DepthMiddleware
2015-02-19 22:00:08+0200 [scrapy] INFO: Enabled item pipelines: 
2015-02-19 22:00:08+0200 [LinkSpider] INFO: Spider opened
2015-02-19 22:00:08+0200 [LinkSpider] INFO: Crawled 0 pages (at 0 pages/min), scraped 0 items (at 0 items/min)
2015-02-19 22:00:08+0200 [scrapy] DEBUG: Telnet console listening on 127.0.0.1:6023
2015-02-19 22:00:08+0200 [scrapy] DEBUG: Web service listening on 127.0.0.1:6080
2015-02-19 22:00:08+0200 [LinkSpider] INFO: slot: wwww.ejobs.ro | conc: 1 | delay: 2630 ms (-2369) | latency:  260 ms | size: 42080 bytes
2015-02-19 22:00:08+0200 [LinkSpider] DEBUG: Crawled (200) <GET http://wwww.ejobs.ro/user/searchjobs?q=&oras%5B%5D=&departament%5B%5D=&industrie%5B%5D=&searchType=simple&time_span=&page_no=&page_results=> (referer: None)
2015-02-19 22:00:08+0200 [LinkSpider] DEBUG: Scraped from <200 http://wwww.ejobs.ro/user/searchjobs?q=&oras%5B%5D=&departament%5B%5D=&industrie%5B%5D=&searchType=simple&time_span=&page_no=&page_results=>
	{'JobAddLink': [u'http://www.ejobs.ro/user/locuri-de-munca/microsoft-net-developers-employment-training/656136/sqi'],
	 'JobTitle': [u'Microsoft .NET Developers - Employment Training '],
	 'ScrapeDate': '2015-02-19 20:00:08',
	 'SourcePage': 'http://wwww.ejobs.ro/user/searchjobs?q=&oras%5B%5D=&departament%5B%5D=&industrie%5B%5D=&searchType=simple&time_span=&page_no=&page_results='}
2015-02-19 22:00:08+0200 [LinkSpider] DEBUG: Scraped from <200 http://wwww.ejobs.ro/user/searchjobs?q=&oras%5B%5D=&departament%5B%5D=&industrie%5B%5D=&searchType=simple&time_span=&page_no=&page_results=>
	{'JobAddLink': [u'http://www.ejobs.ro/user/locuri-de-munca/grafician-designer/656122/sqi'],
	 'JobTitle': [u'Grafician Designer '],
	 'ScrapeDate': '2015-02-19 20:00:08',
	 'SourcePage': 'http://wwww.ejobs.ro/user/searchjobs?q=&oras%5B%5D=&departament%5B%5D=&industrie%5B%5D=&searchType=simple&time_span=&page_no=&page_results='}
2015-02-19 22:00:08+0200 [LinkSpider] DEBUG: Scraped from <200 http://wwww.ejobs.ro/user/searchjobs?q=&oras%5B%5D=&departament%5B%5D=&industrie%5B%5D=&searchType=simple&time_span=&page_no=&page_results=>
	{'JobAddLink': [u'http://www.ejobs.ro/user/locuri-de-munca/conseiller-digital-francais-et-anglais/650563/sqi'],
	 'JobTitle': [u'CONSEILLER DIGITAL FRANCAIS ET ANGLAIS '],
	 'ScrapeDate': '2015-02-19 20:00:08',
	 'SourcePage': 'http://wwww.ejobs.ro/user/searchjobs?q=&oras%5B%5D=&departament%5B%5D=&industrie%5B%5D=&searchType=simple&time_span=&page_no=&page_results='}
2015-02-19 22:00:08+0200 [LinkSpider] DEBUG: Scraped from <200 http://wwww.ejobs.ro/user/searchjobs?q=&oras%5B%5D=&departament%5B%5D=&industrie%5B%5D=&searchType=simple&time_span=&page_no=&page_results=>
	{'JobAddLink': [u'http://www.ejobs.ro/user/locuri-de-munca/data-miner-ploiesti/650390/sqi'],
	 'JobTitle': [u'Data Miner Ploiesti '],
	 'ScrapeDate': '2015-02-19 20:00:08',
	 'SourcePage': 'http://wwww.ejobs.ro/user/searchjobs?q=&oras%5B%5D=&departament%5B%5D=&industrie%5B%5D=&searchType=simple&time_span=&page_no=&page_results='}
2015-02-19 22:00:08+0200 [LinkSpider] DEBUG: Scraped from <200 http://wwww.ejobs.ro/user/searchjobs?q=&oras%5B%5D=&departament%5B%5D=&industrie%5B%5D=&searchType=simple&time_span=&page_no=&page_results=>
	{'JobAddLink': [u'http://www.ejobs.ro/user/locuri-de-munca/senior-software-engineers-c/650591/sqi'],
	 'JobTitle': [u'Senior Software Engineers C++ '],
	 'ScrapeDate': '2015-02-19 20:00:08',
	 'SourcePage': 'http://wwww.ejobs.ro/user/searchjobs?q=&oras%5B%5D=&departament%5B%5D=&industrie%5B%5D=&searchType=simple&time_span=&page_no=&page_results='}
2015-02-19 22:00:08+0200 [LinkSpider] DEBUG: Scraped from <200 http://wwww.ejobs.ro/user/searchjobs?q=&oras%5B%5D=&departament%5B%5D=&industrie%5B%5D=&searchType=simple&time_span=&page_no=&page_results=>
	{'JobAddLink': [u'http://www.ejobs.ro/user/locuri-de-munca/html-css-guru-front-end-developer/656152/sqi'],
	 'JobTitle': [u'HTML & CSS Guru / Front-End Developer '],
	 'ScrapeDate': '2015-02-19 20:00:08',
	 'SourcePage': 'http://wwww.ejobs.ro/user/searchjobs?q=&oras%5B%5D=&departament%5B%5D=&industrie%5B%5D=&searchType=simple&time_span=&page_no=&page_results='}
2015-02-19 22:00:08+0200 [LinkSpider] DEBUG: Scraped from <200 http://wwww.ejobs.ro/user/searchjobs?q=&oras%5B%5D=&departament%5B%5D=&industrie%5B%5D=&searchType=simple&time_span=&page_no=&page_results=>
	{'JobAddLink': [u'http://www.ejobs.ro/user/locuri-de-munca/contabilitate-primara-secretariat/656149/sqi'],
	 'JobTitle': [u'CONTABILITATE PRIMARA, SECRETARIAT '],
	 'ScrapeDate': '2015-02-19 20:00:08',
	 'SourcePage': 'http://wwww.ejobs.ro/user/searchjobs?q=&oras%5B%5D=&departament%5B%5D=&industrie%5B%5D=&searchType=simple&time_span=&page_no=&page_results='}
2015-02-19 22:00:08+0200 [LinkSpider] DEBUG: Scraped from <200 http://wwww.ejobs.ro/user/searchjobs?q=&oras%5B%5D=&departament%5B%5D=&industrie%5B%5D=&searchType=simple&time_span=&page_no=&page_results=>
	{'JobAddLink': [u'http://www.ejobs.ro/user/locuri-de-munca/director-de-marketing/656146/sqi'],
	 'JobTitle': [u'Director de Marketing '],
	 'ScrapeDate': '2015-02-19 20:00:08',
	 'SourcePage': 'http://wwww.ejobs.ro/user/searchjobs?q=&oras%5B%5D=&departament%5B%5D=&industrie%5B%5D=&searchType=simple&time_span=&page_no=&page_results='}
2015-02-19 22:00:08+0200 [LinkSpider] DEBUG: Scraped from <200 http://wwww.ejobs.ro/user/searchjobs?q=&oras%5B%5D=&departament%5B%5D=&industrie%5B%5D=&searchType=simple&time_span=&page_no=&page_results=>
	{'JobAddLink': [u'http://www.ejobs.ro/user/locuri-de-munca/hr-controller/656141/sqi'],
	 'JobTitle': [u'HR Controller '],
	 'ScrapeDate': '2015-02-19 20:00:08',
	 'SourcePage': 'http://wwww.ejobs.ro/user/searchjobs?q=&oras%5B%5D=&departament%5B%5D=&industrie%5B%5D=&searchType=simple&time_span=&page_no=&page_results='}
2015-02-19 22:00:08+0200 [LinkSpider] DEBUG: Scraped from <200 http://wwww.ejobs.ro/user/searchjobs?q=&oras%5B%5D=&departament%5B%5D=&industrie%5B%5D=&searchType=simple&time_span=&page_no=&page_results=>
	{'JobAddLink': [u'http://www.ejobs.ro/user/locuri-de-munca/order-management-analyst-sap-with-german/656134/sqi'],
	 'JobTitle': [u'Order Management Analyst SAP with German '],
	 'ScrapeDate': '2015-02-19 20:00:08',
	 'SourcePage': 'http://wwww.ejobs.ro/user/searchjobs?q=&oras%5B%5D=&departament%5B%5D=&industrie%5B%5D=&searchType=simple&time_span=&page_no=&page_results='}
2015-02-19 22:00:08+0200 [LinkSpider] DEBUG: Scraped from <200 http://wwww.ejobs.ro/user/searchjobs?q=&oras%5B%5D=&departament%5B%5D=&industrie%5B%5D=&searchType=simple&time_span=&page_no=&page_results=>
	{'JobAddLink': [u'http://www.ejobs.ro/personalizat/vanzator-zarnesti-fm/656131'],
	 'JobTitle': [u'V\xe2nz\u0103tor Z\u0103rne\u015fti (f/m) '],
	 'ScrapeDate': '2015-02-19 20:00:08',
	 'SourcePage': 'http://wwww.ejobs.ro/user/searchjobs?q=&oras%5B%5D=&departament%5B%5D=&industrie%5B%5D=&searchType=simple&time_span=&page_no=&page_results='}
2015-02-19 22:00:08+0200 [LinkSpider] DEBUG: Scraped from <200 http://wwww.ejobs.ro/user/searchjobs?q=&oras%5B%5D=&departament%5B%5D=&industrie%5B%5D=&searchType=simple&time_span=&page_no=&page_results=>
	{'JobAddLink': [u'http://www.ejobs.ro/personalizat/vanzator-tarnaveni-fm/656130'],
	 'JobTitle': [u'V\xe2nz\u0103tor T\xe2rn\u0103veni (f/m) '],
	 'ScrapeDate': '2015-02-19 20:00:08',
	 'SourcePage': 'http://wwww.ejobs.ro/user/searchjobs?q=&oras%5B%5D=&departament%5B%5D=&industrie%5B%5D=&searchType=simple&time_span=&page_no=&page_results='}
2015-02-19 22:00:08+0200 [LinkSpider] DEBUG: Scraped from <200 http://wwww.ejobs.ro/user/searchjobs?q=&oras%5B%5D=&departament%5B%5D=&industrie%5B%5D=&searchType=simple&time_span=&page_no=&page_results=>
	{'JobAddLink': [u'http://www.ejobs.ro/personalizat/bucatari-si-ajutori-bucatari/651645'],
	 'JobTitle': [u'BUCATARI si AJUTORI BUCATARI in ANGLIA ! Plecari saptamanale in RESTAURANTE de TOP din MAREA BRITANIE ! Salarii si conditii de munca foarte bune ! Comisionul se poate achita din salariu '],
	 'ScrapeDate': '2015-02-19 20:00:08',
	 'SourcePage': 'http://wwww.ejobs.ro/user/searchjobs?q=&oras%5B%5D=&departament%5B%5D=&industrie%5B%5D=&searchType=simple&time_span=&page_no=&page_results='}
2015-02-19 22:00:08+0200 [LinkSpider] DEBUG: Scraped from <200 http://wwww.ejobs.ro/user/searchjobs?q=&oras%5B%5D=&departament%5B%5D=&industrie%5B%5D=&searchType=simple&time_span=&page_no=&page_results=>
	{'JobAddLink': [u'http://www.ejobs.ro/user/locuri-de-munca/agent-vanzari/656126/sqi'],
	 'JobTitle': [u'Agent vanzari '],
	 'ScrapeDate': '2015-02-19 20:00:08',
	 'SourcePage': 'http://wwww.ejobs.ro/user/searchjobs?q=&oras%5B%5D=&departament%5B%5D=&industrie%5B%5D=&searchType=simple&time_span=&page_no=&page_results='}
2015-02-19 22:00:08+0200 [LinkSpider] DEBUG: Scraped from <200 http://wwww.ejobs.ro/user/searchjobs?q=&oras%5B%5D=&departament%5B%5D=&industrie%5B%5D=&searchType=simple&time_span=&page_no=&page_results=>
	{'JobAddLink': [u'http://www.ejobs.ro/personalizat/spanish-italian-french-english/656117'],
	 'JobTitle': [u'SPANISH/ ITALIAN/ FRENCH/ ENGLISH Customer Support Representative '],
	 'ScrapeDate': '2015-02-19 20:00:08',
	 'SourcePage': 'http://wwww.ejobs.ro/user/searchjobs?q=&oras%5B%5D=&departament%5B%5D=&industrie%5B%5D=&searchType=simple&time_span=&page_no=&page_results='}
2015-02-19 22:00:08+0200 [LinkSpider] DEBUG: Scraped from <200 http://wwww.ejobs.ro/user/searchjobs?q=&oras%5B%5D=&departament%5B%5D=&industrie%5B%5D=&searchType=simple&time_span=&page_no=&page_results=>
	{'JobAddLink': [u'http://www.ejobs.ro/user/locuri-de-munca/controlor-financiar/656113/sqi'],
	 'JobTitle': [u'Controlor Financiar '],
	 'ScrapeDate': '2015-02-19 20:00:08',
	 'SourcePage': 'http://wwww.ejobs.ro/user/searchjobs?q=&oras%5B%5D=&departament%5B%5D=&industrie%5B%5D=&searchType=simple&time_span=&page_no=&page_results='}
2015-02-19 22:00:08+0200 [LinkSpider] DEBUG: Scraped from <200 http://wwww.ejobs.ro/user/searchjobs?q=&oras%5B%5D=&departament%5B%5D=&industrie%5B%5D=&searchType=simple&time_span=&page_no=&page_results=>
	{'JobAddLink': [u'http://www.ejobs.ro/user/locuri-de-munca/marketing-copywriter/656111/sqi'],
	 'JobTitle': [u'Marketing Copywriter '],
	 'ScrapeDate': '2015-02-19 20:00:08',
	 'SourcePage': 'http://wwww.ejobs.ro/user/searchjobs?q=&oras%5B%5D=&departament%5B%5D=&industrie%5B%5D=&searchType=simple&time_span=&page_no=&page_results='}
2015-02-19 22:00:08+0200 [LinkSpider] DEBUG: Scraped from <200 http://wwww.ejobs.ro/user/searchjobs?q=&oras%5B%5D=&departament%5B%5D=&industrie%5B%5D=&searchType=simple&time_span=&page_no=&page_results=>
	{'JobAddLink': [u'http://www.ejobs.ro/user/locuri-de-munca/inginer-tehnician-sisteme-curenti-slabi/656103/sqi'],
	 'JobTitle': [u'INGINER / TEHNICIAN SISTEME CURENTI SLABI '],
	 'ScrapeDate': '2015-02-19 20:00:08',
	 'SourcePage': 'http://wwww.ejobs.ro/user/searchjobs?q=&oras%5B%5D=&departament%5B%5D=&industrie%5B%5D=&searchType=simple&time_span=&page_no=&page_results='}
2015-02-19 22:00:08+0200 [LinkSpider] DEBUG: Scraped from <200 http://wwww.ejobs.ro/user/searchjobs?q=&oras%5B%5D=&departament%5B%5D=&industrie%5B%5D=&searchType=simple&time_span=&page_no=&page_results=>
	{'JobAddLink': [u'http://www.ejobs.ro/user/locuri-de-munca/linux-system-administrator-cluj/656102/sqi'],
	 'JobTitle': [u'Linux System Administrator (Cluj) '],
	 'ScrapeDate': '2015-02-19 20:00:08',
	 'SourcePage': 'http://wwww.ejobs.ro/user/searchjobs?q=&oras%5B%5D=&departament%5B%5D=&industrie%5B%5D=&searchType=simple&time_span=&page_no=&page_results='}
2015-02-19 22:00:08+0200 [LinkSpider] DEBUG: Scraped from <200 http://wwww.ejobs.ro/user/searchjobs?q=&oras%5B%5D=&departament%5B%5D=&industrie%5B%5D=&searchType=simple&time_span=&page_no=&page_results=>
	{'JobAddLink': [u'http://www.ejobs.ro/personalizat/service-desk-analyst--fluent/656101'],
	 'JobTitle': [u'Service Desk Analyst \u2014 Fluent in English '],
	 'ScrapeDate': '2015-02-19 20:00:08',
	 'SourcePage': 'http://wwww.ejobs.ro/user/searchjobs?q=&oras%5B%5D=&departament%5B%5D=&industrie%5B%5D=&searchType=simple&time_span=&page_no=&page_results='}
2015-02-19 22:00:08+0200 [LinkSpider] DEBUG: Scraped from <200 http://wwww.ejobs.ro/user/searchjobs?q=&oras%5B%5D=&departament%5B%5D=&industrie%5B%5D=&searchType=simple&time_span=&page_no=&page_results=>
	{'JobAddLink': [u'http://www.ejobs.ro/user/locuri-de-munca/electromecanic/656095/sqi'],
	 'JobTitle': [u'ELECTROMECANIC '],
	 'ScrapeDate': '2015-02-19 20:00:08',
	 'SourcePage': 'http://wwww.ejobs.ro/user/searchjobs?q=&oras%5B%5D=&departament%5B%5D=&industrie%5B%5D=&searchType=simple&time_span=&page_no=&page_results='}
2015-02-19 22:00:08+0200 [LinkSpider] DEBUG: Scraped from <200 http://wwww.ejobs.ro/user/searchjobs?q=&oras%5B%5D=&departament%5B%5D=&industrie%5B%5D=&searchType=simple&time_span=&page_no=&page_results=>
	{'JobAddLink': [u'http://www.ejobs.ro/user/locuri-de-munca/sef-schimb-productie-pavaj/656094/sqi'],
	 'JobTitle': [u'SEF SCHIMB PRODUCTIE PAVAJ '],
	 'ScrapeDate': '2015-02-19 20:00:08',
	 'SourcePage': 'http://wwww.ejobs.ro/user/searchjobs?q=&oras%5B%5D=&departament%5B%5D=&industrie%5B%5D=&searchType=simple&time_span=&page_no=&page_results='}
2015-02-19 22:00:08+0200 [LinkSpider] DEBUG: Scraped from <200 http://wwww.ejobs.ro/user/searchjobs?q=&oras%5B%5D=&departament%5B%5D=&industrie%5B%5D=&searchType=simple&time_span=&page_no=&page_results=>
	{'JobAddLink': [u'http://www.ejobs.ro/personalizat/personal-hotelier/656091'],
	 'JobTitle': [u'Personal Hotelier '],
	 'ScrapeDate': '2015-02-19 20:00:08',
	 'SourcePage': 'http://wwww.ejobs.ro/user/searchjobs?q=&oras%5B%5D=&departament%5B%5D=&industrie%5B%5D=&searchType=simple&time_span=&page_no=&page_results='}
2015-02-19 22:00:08+0200 [LinkSpider] DEBUG: Scraped from <200 http://wwww.ejobs.ro/user/searchjobs?q=&oras%5B%5D=&departament%5B%5D=&industrie%5B%5D=&searchType=simple&time_span=&page_no=&page_results=>
	{'JobAddLink': [u'http://www.ejobs.ro/user/locuri-de-munca/area-sales-supervisor/656088/sqi'],
	 'JobTitle': [u'AREA SALES SUPERVISOR '],
	 'ScrapeDate': '2015-02-19 20:00:08',
	 'SourcePage': 'http://wwww.ejobs.ro/user/searchjobs?q=&oras%5B%5D=&departament%5B%5D=&industrie%5B%5D=&searchType=simple&time_span=&page_no=&page_results='}
2015-02-19 22:00:08+0200 [LinkSpider] DEBUG: Scraped from <200 http://wwww.ejobs.ro/user/searchjobs?q=&oras%5B%5D=&departament%5B%5D=&industrie%5B%5D=&searchType=simple&time_span=&page_no=&page_results=>
	{'JobAddLink': [u'http://www.ejobs.ro/user/locuri-de-munca/consilier-vanzari-client-service/656083/sqi'],
	 'JobTitle': [u'Consilier vanzari - Client Service '],
	 'ScrapeDate': '2015-02-19 20:00:08',
	 'SourcePage': 'http://wwww.ejobs.ro/user/searchjobs?q=&oras%5B%5D=&departament%5B%5D=&industrie%5B%5D=&searchType=simple&time_span=&page_no=&page_results='}
2015-02-19 22:00:08+0200 [LinkSpider] INFO: Closing spider (finished)
2015-02-19 22:00:08+0200 [LinkSpider] INFO: Dumping Scrapy stats:
	{'downloader/request_bytes': 330,
	 'downloader/request_count': 1,
	 'downloader/request_method_count/GET': 1,
	 'downloader/response_bytes': 42890,
	 'downloader/response_count': 1,
	 'downloader/response_status_count/200': 1,
	 'finish_reason': 'finished',
	 'finish_time': datetime.datetime(2015, 2, 19, 20, 0, 8, 662814),
	 'item_scraped_count': 25,
	 'log_count/DEBUG': 28,
	 'log_count/INFO': 8,
	 'response_received_count': 1,
	 'scheduler/dequeued': 1,
	 'scheduler/dequeued/memory': 1,
	 'scheduler/enqueued': 1,
	 'scheduler/enqueued/memory': 1,
	 'start_time': datetime.datetime(2015, 2, 19, 20, 0, 8, 313400)}
2015-02-19 22:00:08+0200 [LinkSpider] INFO: Spider closed (finished)
2015-02-19 22:53:49+0200 [scrapy] INFO: Scrapy 0.24.2 started (bot: Ejobs)
2015-02-19 22:53:49+0200 [scrapy] INFO: Optional features available: ssl, http11, boto, django
2015-02-19 22:53:49+0200 [scrapy] INFO: Overridden settings: {'NEWSPIDER_MODULE': 'Ejobs.spiders', 'SPIDER_MODULES': ['Ejobs.spiders'], 'LOG_FILE': 'Ejob.log', 'BOT_NAME': 'Ejobs'}
2015-02-19 22:53:49+0200 [scrapy] INFO: Enabled extensions: AutoThrottle, LogStats, TelnetConsole, CloseSpider, WebService, CoreStats, SpiderState
2015-02-19 22:53:50+0200 [scrapy] INFO: Enabled downloader middlewares: HttpAuthMiddleware, DownloadTimeoutMiddleware, UserAgentMiddleware, RetryMiddleware, DefaultHeadersMiddleware, MetaRefreshMiddleware, HttpCompressionMiddleware, RedirectMiddleware, CookiesMiddleware, ChunkedTransferMiddleware, DownloaderStats
2015-02-19 22:53:50+0200 [scrapy] INFO: Enabled spider middlewares: HttpErrorMiddleware, OffsiteMiddleware, RefererMiddleware, UrlLengthMiddleware, DepthMiddleware
2015-02-19 22:53:50+0200 [scrapy] INFO: Enabled item pipelines: 
2015-02-19 22:53:50+0200 [LinkSpider2] INFO: Spider opened
2015-02-19 22:53:50+0200 [LinkSpider2] INFO: Crawled 0 pages (at 0 pages/min), scraped 0 items (at 0 items/min)
2015-02-19 22:53:50+0200 [scrapy] DEBUG: Telnet console listening on 127.0.0.1:6023
2015-02-19 22:53:50+0200 [scrapy] DEBUG: Web service listening on 127.0.0.1:6080
2015-02-19 22:53:51+0200 [LinkSpider2] INFO: slot: wwww.ejobs.ro | conc: 1 | delay: 2735 ms (-2264) | latency:  470 ms | size: 41757 bytes
2015-02-19 22:53:51+0200 [LinkSpider2] DEBUG: Crawled (200) <GET http://wwww.ejobs.ro/user/searchjobs?q=&oras%5B%5D=&departament%5B%5D=&industrie%5B%5D=&searchType=simple&time_span=&page_no=&page_results=> (referer: None)
2015-02-19 22:53:51+0200 [LinkSpider2] ERROR: Spider error processing <GET http://wwww.ejobs.ro/user/searchjobs?q=&oras%5B%5D=&departament%5B%5D=&industrie%5B%5D=&searchType=simple&time_span=&page_no=&page_results=>
	Traceback (most recent call last):
	  File "/usr/lib/python2.7/dist-packages/twisted/internet/base.py", line 824, in runUntilCurrent
	    call.func(*call.args, **call.kw)
	  File "/usr/lib/python2.7/dist-packages/twisted/internet/task.py", line 638, in _tick
	    taskObj._oneWorkUnit()
	  File "/usr/lib/python2.7/dist-packages/twisted/internet/task.py", line 484, in _oneWorkUnit
	    result = next(self._iterator)
	  File "/usr/lib/python2.7/dist-packages/scrapy/utils/defer.py", line 57, in <genexpr>
	    work = (callable(elem, *args, **named) for elem in iterable)
	--- <exception caught here> ---
	  File "/usr/lib/python2.7/dist-packages/scrapy/utils/defer.py", line 96, in iter_errback
	    yield next(it)
	  File "/usr/lib/python2.7/dist-packages/scrapy/contrib/spidermiddleware/offsite.py", line 26, in process_spider_output
	    for x in result:
	  File "/usr/lib/python2.7/dist-packages/scrapy/contrib/spidermiddleware/referer.py", line 22, in <genexpr>
	    return (_set_referer(r) for r in result or ())
	  File "/usr/lib/python2.7/dist-packages/scrapy/contrib/spidermiddleware/urllength.py", line 33, in <genexpr>
	    return (r for r in result or () if _filter(r))
	  File "/usr/lib/python2.7/dist-packages/scrapy/contrib/spidermiddleware/depth.py", line 50, in <genexpr>
	    return (r for r in result or () if _filter(r))
	  File "/home/azyl/Project/Scrapy/Ejobs/Ejobs/spiders/Ejobspider2.py", line 22, in parse
	    l.add_xpath('JobTitle', "./div/a[2]/text()")
	  File "/usr/lib/python2.7/dist-packages/scrapy/contrib/loader/__init__.py", line 133, in add_xpath
	    values = self._get_xpathvalues(xpath, **kw)
	  File "/usr/lib/python2.7/dist-packages/scrapy/contrib/loader/__init__.py", line 149, in _get_xpathvalues
	    self._check_selector_method()
	  File "/usr/lib/python2.7/dist-packages/scrapy/contrib/loader/__init__.py", line 130, in _check_selector_method
	    "or a response" % self.__class__.__name__)
	exceptions.RuntimeError: To use XPath or CSS selectors, ItemLoader must be instantiated with a selector or a response
	
2015-02-19 22:53:51+0200 [LinkSpider2] INFO: Closing spider (finished)
2015-02-19 22:53:51+0200 [LinkSpider2] INFO: Dumping Scrapy stats:
	{'downloader/request_bytes': 330,
	 'downloader/request_count': 1,
	 'downloader/request_method_count/GET': 1,
	 'downloader/response_bytes': 42567,
	 'downloader/response_count': 1,
	 'downloader/response_status_count/200': 1,
	 'finish_reason': 'finished',
	 'finish_time': datetime.datetime(2015, 2, 19, 20, 53, 51, 242813),
	 'log_count/DEBUG': 3,
	 'log_count/ERROR': 1,
	 'log_count/INFO': 8,
	 'response_received_count': 1,
	 'scheduler/dequeued': 1,
	 'scheduler/dequeued/memory': 1,
	 'scheduler/enqueued': 1,
	 'scheduler/enqueued/memory': 1,
	 'spider_exceptions/RuntimeError': 1,
	 'start_time': datetime.datetime(2015, 2, 19, 20, 53, 50, 595464)}
2015-02-19 22:53:51+0200 [LinkSpider2] INFO: Spider closed (finished)
